<?xml version="1.0" encoding="UTF-8"?>
<!-- Generated by org.testng.reporters.JUnitReportReporter -->
<testsuite skipped="0" hostname="LAPTOP-GO72JTCD" name="testscripts.Test_script" tests="1" failures="0" timestamp="15 Jan 2022 06:13:49 GMT" time="16.580" errors="0">
  <testcase name="getlogged" time="16.580" classname="testscripts.Test_script"/>
</testsuite> <!-- testscripts.Test_script -->
